<?xml version="1.0" encoding="UTF-8"?>
<testng-results skipped="0" failed="0" total="2" passed="2">
  <reporter-output>
  </reporter-output>
  <suite name="cse.maven.sample.NICAnalyzerTest" duration-ms="255" started-at="2013-09-12T05:54:18Z" finished-at="2013-09-12T05:54:18Z">
    <groups>
    </groups>
    <test name="Command line test" duration-ms="255" started-at="2013-09-12T05:54:18Z" finished-at="2013-09-12T05:54:18Z">
      <class name="cse.maven.sample.NICAnalyzerTest">
        <test-method status="PASS" signature="setUp()[pri:0, instance:cse.maven.sample.NICAnalyzerTest@11da801b]" name="setUp" is-config="true" duration-ms="25" started-at="2013-09-12T11:24:18Z" finished-at="2013-09-12T11:24:18Z">
          <reporter-output>
          </reporter-output>
        </test-method> <!-- setUp -->
        <test-method status="PASS" signature="NIC_Test1()[pri:0, instance:cse.maven.sample.NICAnalyzerTest@11da801b]" name="NIC_Test1" duration-ms="205" started-at="2013-09-12T11:24:18Z" finished-at="2013-09-12T11:24:18Z">
          <reporter-output>
          </reporter-output>
        </test-method> <!-- NIC_Test1 -->
        <test-method status="PASS" signature="NIC_Test2()[pri:0, instance:cse.maven.sample.NICAnalyzerTest@11da801b]" name="NIC_Test2" duration-ms="1" started-at="2013-09-12T11:24:18Z" finished-at="2013-09-12T11:24:18Z">
          <exception class="cse.maven.sample.exception.InvalidNICInputException">
            <message>
              <![CDATA[Invalid NIC number entered.]]>
            </message>
            <full-stacktrace>
              <![CDATA[cse.maven.sample.exception.InvalidNICInputException: Invalid NIC number entered.
	at cse.maven.sample.NIC_decryp.calculate(NIC_decryp.java:24)
	at cse.maven.sample.NICAnalyzerTest.NIC_Test2(NICAnalyzerTest.java:47)
	at sun.reflect.NativeMethodAccessorImpl.invoke0(Native Method)
	at sun.reflect.NativeMethodAccessorImpl.invoke(NativeMethodAccessorImpl.java:57)
	at sun.reflect.DelegatingMethodAccessorImpl.invoke(DelegatingMethodAccessorImpl.java:43)
	at java.lang.reflect.Method.invoke(Method.java:601)
	at org.testng.internal.MethodInvocationHelper.invokeMethod(MethodInvocationHelper.java:84)
	at org.testng.internal.Invoker.invokeMethod(Invoker.java:714)
	at org.testng.internal.Invoker.invokeTestMethod(Invoker.java:901)
	at org.testng.internal.Invoker.invokeTestMethods(Invoker.java:1231)
	at org.testng.internal.TestMethodWorker.invokeTestMethods(TestMethodWorker.java:127)
	at org.testng.internal.TestMethodWorker.run(TestMethodWorker.java:111)
	at org.testng.TestRunner.privateRun(TestRunner.java:767)
	at org.testng.TestRunner.run(TestRunner.java:617)
	at org.testng.SuiteRunner.runTest(SuiteRunner.java:334)
	at org.testng.SuiteRunner.runSequentially(SuiteRunner.java:329)
	at org.testng.SuiteRunner.privateRun(SuiteRunner.java:291)
	at org.testng.SuiteRunner.run(SuiteRunner.java:240)
	at org.testng.SuiteRunnerWorker.runSuite(SuiteRunnerWorker.java:52)
	at org.testng.SuiteRunnerWorker.run(SuiteRunnerWorker.java:86)
	at org.testng.TestNG.runSuitesSequentially(TestNG.java:1224)
	at org.testng.TestNG.runSuitesLocally(TestNG.java:1149)
	at org.testng.TestNG.run(TestNG.java:1057)
	at org.apache.maven.surefire.testng.TestNGExecutor.run(TestNGExecutor.java:77)
	at org.apache.maven.surefire.testng.TestNGDirectoryTestSuite.execute(TestNGDirectoryTestSuite.java:110)
	at org.apache.maven.surefire.testng.TestNGProvider.invoke(TestNGProvider.java:106)
	at sun.reflect.NativeMethodAccessorImpl.invoke0(Native Method)
	at sun.reflect.NativeMethodAccessorImpl.invoke(NativeMethodAccessorImpl.java:57)
	at sun.reflect.DelegatingMethodAccessorImpl.invoke(DelegatingMethodAccessorImpl.java:43)
	at java.lang.reflect.Method.invoke(Method.java:601)
	at org.apache.maven.surefire.util.ReflectionUtils.invokeMethodWithArray(ReflectionUtils.java:189)
	at org.apache.maven.surefire.booter.ProviderFactory$ProviderProxy.invoke(ProviderFactory.java:165)
	at org.apache.maven.surefire.booter.ProviderFactory.invokeProvider(ProviderFactory.java:85)
	at org.apache.maven.surefire.booter.ForkedBooter.runSuitesInProcess(ForkedBooter.java:115)
	at org.apache.maven.surefire.booter.ForkedBooter.main(ForkedBooter.java:75)
]]>
            </full-stacktrace>
          </exception> <!-- cse.maven.sample.exception.InvalidNICInputException -->
          <reporter-output>
          </reporter-output>
        </test-method> <!-- NIC_Test2 -->
      </class> <!-- cse.maven.sample.NICAnalyzerTest -->
    </test> <!-- Command line test -->
  </suite> <!-- cse.maven.sample.NICAnalyzerTest -->
</testng-results>
